<?xml version="1.0" encoding="UTF-8"?>
<robot generator="Robot 6.0.2 (Python 3.10.4 on win32)" generated="20230212 14:57:57.424" rpa="false" schemaversion="3">
<suite id="s1" name="Robot1" source="C:\Users\Janek\Desktop\Nowy folder\first_repo\robot1.robot">
<test id="s1-t1" name="Nieudane logowanie" line="34">
<kw name="Open Browser" library="SeleniumLibrary">
<arg>https://pl.wikipedia.org</arg>
<arg>chrome</arg>
<doc>Opens a new browser instance to the optional ``url``.</doc>
<msg timestamp="20230212 14:57:57.758" level="INFO">Opening browser 'chrome' to base url 'https://pl.wikipedia.org'.</msg>
<status status="PASS" starttime="20230212 14:57:57.757" endtime="20230212 14:57:59.837"/>
</kw>
<kw name="Wait Until Element Is Visible" library="SeleniumLibrary">
<arg>pt-login</arg>
<arg>3</arg>
<arg>Jest blad</arg>
<doc>Waits until the element ``locator`` is visible.</doc>
<status status="PASS" starttime="20230212 14:57:59.843" endtime="20230212 14:57:59.975"/>
</kw>
<kw name="Click Element" library="SeleniumLibrary">
<arg>pt-login</arg>
<doc>Click the element identified by ``locator``.</doc>
<msg timestamp="20230212 14:57:59.979" level="INFO">Clicking element 'pt-login'.</msg>
<status status="PASS" starttime="20230212 14:57:59.979" endtime="20230212 14:58:00.678"/>
</kw>
<kw name="Get Text" library="SeleniumLibrary">
<var>${my_value}</var>
<arg>wpName1</arg>
<doc>Returns the text value of the element identified by ``locator``.</doc>
<msg timestamp="20230212 14:58:00.715" level="INFO">${my_value} = </msg>
<status status="PASS" starttime="20230212 14:58:00.678" endtime="20230212 14:58:00.715"/>
</kw>
<kw name="Should Be Empty" library="BuiltIn">
<arg>${my_value}</arg>
<doc>Verifies that the given item is empty.</doc>
<msg timestamp="20230212 14:58:00.716" level="INFO">Length is 0</msg>
<status status="PASS" starttime="20230212 14:58:00.716" endtime="20230212 14:58:00.716"/>
</kw>
<kw name="Input Text" library="SeleniumLibrary">
<arg>wpName1</arg>
<arg>RobotTests</arg>
<doc>Types the given ``text`` into the text field identified by ``locator``.</doc>
<msg timestamp="20230212 14:58:00.717" level="INFO">Typing text 'RobotTests' into text field 'wpName1'.</msg>
<status status="PASS" starttime="20230212 14:58:00.716" endtime="20230212 14:58:00.827"/>
</kw>
<kw name="Get Text" library="SeleniumLibrary">
<var>${my_value}</var>
<arg>//*[@id="wpPassword1"]</arg>
<doc>Returns the text value of the element identified by ``locator``.</doc>
<msg timestamp="20230212 14:58:00.915" level="INFO">${my_value} = </msg>
<status status="PASS" starttime="20230212 14:58:00.828" endtime="20230212 14:58:00.915"/>
</kw>
<kw name="Input Password" library="SeleniumLibrary">
<arg>//*[@id="wpPassword1"]</arg>
<arg>123123</arg>
<doc>Types the given password into the text field identified by ``locator``.</doc>
<msg timestamp="20230212 14:58:00.916" level="INFO">Typing password into text field '//*[@id="wpPassword1"]'.</msg>
<msg timestamp="20230212 14:58:00.972" level="INFO">Temporally setting log level to: NONE</msg>
<msg timestamp="20230212 14:58:01.016" level="INFO">Log level changed from NONE to INFO.</msg>
<status status="PASS" starttime="20230212 14:58:00.916" endtime="20230212 14:58:01.016"/>
</kw>
<kw name="Checkbox Should Not Be Selected" library="SeleniumLibrary">
<arg>wpRemember</arg>
<doc>Verifies checkbox ``locator`` is not selected/checked.</doc>
<msg timestamp="20230212 14:58:01.017" level="INFO">Verifying checkbox 'wpRemember' is not selected.</msg>
<status status="PASS" starttime="20230212 14:58:01.016" endtime="20230212 14:58:01.038"/>
</kw>
<kw name="Select Checkbox" library="SeleniumLibrary">
<arg>wpRemember</arg>
<doc>Selects the checkbox identified by ``locator``.</doc>
<msg timestamp="20230212 14:58:01.038" level="INFO">Selecting checkbox 'wpRemember'.</msg>
<status status="PASS" starttime="20230212 14:58:01.038" endtime="20230212 14:58:01.099"/>
</kw>
<kw name="Click Button" library="SeleniumLibrary">
<arg>wpLoginAttempt</arg>
<doc>Clicks the button identified by ``locator``.</doc>
<msg timestamp="20230212 14:58:01.100" level="INFO">Clicking button 'wpLoginAttempt'.</msg>
<status status="PASS" starttime="20230212 14:58:01.100" endtime="20230212 14:58:02.126"/>
</kw>
<kw name="Wait Until Element Is Visible" library="SeleniumLibrary">
<arg>//*[@id="userloginForm"]/form/div[1]</arg>
<doc>Waits until the element ``locator`` is visible.</doc>
<status status="PASS" starttime="20230212 14:58:02.127" endtime="20230212 14:58:02.246"/>
</kw>
<kw name="Get Text" library="SeleniumLibrary">
<var>${my_error_message}</var>
<arg>//*[@id="userloginForm"]/form/div[1]</arg>
<doc>Returns the text value of the element identified by ``locator``.</doc>
<msg timestamp="20230212 14:58:02.281" level="INFO">${my_error_message} = Podany login lub hasło są nieprawidłowe. Spróbuj jeszcze raz.</msg>
<status status="PASS" starttime="20230212 14:58:02.247" endtime="20230212 14:58:02.281"/>
</kw>
<kw name="Log To Console" library="BuiltIn">
<arg>${my_error_message}</arg>
<doc>Logs the given message to the console.</doc>
<status status="PASS" starttime="20230212 14:58:02.281" endtime="20230212 14:58:02.282"/>
</kw>
<kw name="Log" library="BuiltIn">
<arg>${my_error_message}</arg>
<doc>Logs the given message with the given level.</doc>
<msg timestamp="20230212 14:58:02.283" level="INFO">Podany login lub hasło są nieprawidłowe. Spróbuj jeszcze raz.</msg>
<status status="PASS" starttime="20230212 14:58:02.282" endtime="20230212 14:58:02.283"/>
</kw>
<kw name="Should Be Equal As Strings" library="BuiltIn">
<arg>${my_error_message}</arg>
<arg>${error_message}</arg>
<doc>Fails if objects are unequal after converting them to strings.</doc>
<status status="PASS" starttime="20230212 14:58:02.283" endtime="20230212 14:58:02.284"/>
</kw>
<kw name="Capture Page Screenshot" library="SeleniumLibrary">
<arg>screen.png</arg>
<doc>Takes a screenshot of the current page and embeds it into a log file.</doc>
<msg timestamp="20230212 14:58:02.438" level="INFO" html="true">&lt;/td&gt;&lt;/tr&gt;&lt;tr&gt;&lt;td colspan="3"&gt;&lt;a href="screen.png"&gt;&lt;img src="screen.png" width="800px"&gt;&lt;/a&gt;</msg>
<status status="PASS" starttime="20230212 14:58:02.284" endtime="20230212 14:58:02.438"/>
</kw>
<kw name="Sleep" library="BuiltIn">
<arg>3</arg>
<doc>Pauses the test executed for the given time.</doc>
<msg timestamp="20230212 14:58:05.454" level="INFO">Slept 3 seconds</msg>
<status status="PASS" starttime="20230212 14:58:02.439" endtime="20230212 14:58:05.454"/>
</kw>
<kw name="Close Browser" library="SeleniumLibrary">
<doc>Closes the current browser.</doc>
<status status="PASS" starttime="20230212 14:58:05.455" endtime="20230212 14:58:07.607"/>
</kw>
<status status="PASS" starttime="20230212 14:57:57.756" endtime="20230212 14:58:07.607"/>
</test>
<status status="PASS" starttime="20230212 14:57:57.426" endtime="20230212 14:58:07.609"/>
</suite>
<statistics>
<total>
<stat pass="1" fail="0" skip="0">All Tests</stat>
</total>
<tag>
</tag>
<suite>
<stat pass="1" fail="0" skip="0" id="s1" name="Robot1">Robot1</stat>
</suite>
</statistics>
<errors>
</errors>
</robot>
